<?xml version="1.0" encoding="UTF-8"?>
<testng-results ignored="0" total="1" passed="1" failed="0" skipped="0">
  <reporter-output>
  </reporter-output>
  <suite started-at="2025-02-26T20:46:21 IST" name="Suite" finished-at="2025-02-26T20:46:35 IST" duration-ms="14052">
    <groups>
    </groups>
    <test started-at="2025-02-26T20:46:21 IST" name="Test" finished-at="2025-02-26T20:46:35 IST" duration-ms="14052">
      <class name="testCases.TC001_AccRegTest">
        <test-method is-config="true" signature="setup(java.lang.String,java.lang.String)[pri:0, instance:testCases.TC001_AccRegTest@5276e6b0]" started-at="2025-02-26T20:46:21 IST" name="setup" finished-at="2025-02-26T20:46:25 IST" duration-ms="3973" status="PASS">
          <params>
            <param index="0">
              <value>
                <![CDATA[macOS]]>
              </value>
            </param>
            <param index="1">
              <value>
                <![CDATA[chrome]]>
              </value>
            </param>
          </params>
          <reporter-output>
          </reporter-output>
        </test-method> <!-- setup -->
        <test-method signature="test()[pri:0, instance:testCases.TC001_AccRegTest@5276e6b0]" started-at="2025-02-26T20:46:25 IST" name="test" finished-at="2025-02-26T20:46:35 IST" duration-ms="9954" status="PASS">
          <reporter-output>
          </reporter-output>
        </test-method> <!-- test -->
        <test-method is-config="true" signature="teardown()[pri:0, instance:testCases.TC001_AccRegTest@5276e6b0]" started-at="2025-02-26T20:46:35 IST" name="teardown" finished-at="2025-02-26T20:46:35 IST" duration-ms="103" status="PASS">
          <reporter-output>
          </reporter-output>
        </test-method> <!-- teardown -->
      </class> <!-- testCases.TC001_AccRegTest -->
    </test> <!-- Test -->
  </suite> <!-- Suite -->
</testng-results>
