<?xml version="1.0" encoding="UTF-8"?>
<testsuite xmlns:xsi="http://www.w3.org/2001/XMLSchema-instance" xsi:noNamespaceSchemaLocation="https://maven.apache.org/surefire/maven-surefire-plugin/xsd/surefire-test-report.xsd" version="3.0.2" name="TestSuite" time="12.888" tests="1" errors="0" skipped="0" failures="0">
  <properties>
[...]
</properties>
  <testcase name="test" classname="testCases.TC001_AccRegTest" time="9.499">
    <system-out><![CDATA[2025-02-27T11:58:58.268470Z main INFO Starting configuration XmlConfiguration[location=/Users/safikulmondal/OpenCartV1/v1/target/test-classes/log4j2.xml, lastModified=2025-02-27T11:58:56.953Z]...
2025-02-27T11:58:58.268968Z main INFO Start watching for changes to /Users/safikulmondal/OpenCartV1/v1/target/test-classes/log4j2.xml every 0 seconds
2025-02-27T11:58:58.269084Z main INFO Configuration XmlConfiguration[location=/Users/safikulmondal/OpenCartV1/v1/target/test-classes/log4j2.xml, lastModified=2025-02-27T11:58:56.953Z] started.
2025-02-27T11:58:58.270042Z main INFO Stopping configuration org.apache.logging.log4j.core.config.DefaultConfiguration@4b520ea8...
2025-02-27T11:58:58.270240Z main INFO Configuration org.apache.logging.log4j.core.config.DefaultConfiguration@4b520ea8 stopped.
Registration Success Message: Your Account Has Been Created!
]]></system-out>
    <system-err><![CDATA[SLF4J(W): No SLF4J providers were found.
SLF4J(W): Defaulting to no-operation (NOP) logger implementation
SLF4J(W): See https://www.slf4j.org/codes.html#noProviders for further details.
Feb 27, 2025 5:29:00 PM org.openqa.selenium.devtools.CdpVersionFinder findNearestMatch
WARNING: Unable to find CDP implementation matching 133
Feb 27, 2025 5:29:00 PM org.openqa.selenium.chromium.ChromiumDriver lambda$new$5
WARNING: Unable to find version of CDP to use for 133.0.6943.128. You may need to include a dependency on a specific version of the CDP using something similar to `org.seleniumhq.selenium:selenium-devtools-v86:4.18.1` where the version ("v86") matches the version of the chromium-based browser you're using and the version number of the artifact is the same as Selenium's.
]]></system-err>
  </testcase>
</testsuite>